2017-07-08T19:29:21+00:00 INFO Queuing 3.1.0 - wc_update_310_downloadable_products
2017-07-08T19:29:21+00:00 INFO Queuing 3.1.0 - wc_update_310_old_comments
2017-07-08T19:29:21+00:00 INFO Queuing 3.1.0 - wc_update_310_db_version
2017-07-08T19:29:22+00:00 INFO Running wc_update_310_downloadable_products callback
2017-07-08T19:29:22+00:00 INFO Finished wc_update_310_downloadable_products callback
2017-07-08T19:29:22+00:00 INFO Running wc_update_310_old_comments callback
2017-07-08T19:29:22+00:00 INFO Finished wc_update_310_old_comments callback
2017-07-08T19:29:22+00:00 INFO Running wc_update_310_db_version callback
2017-07-08T19:29:22+00:00 INFO Finished wc_update_310_db_version callback
2017-07-08T19:29:22+00:00 INFO Data update complete
2017-08-24T19:36:28+00:00 INFO Queuing 3.1.2 - wc_update_312_shop_manager_capabilities
2017-08-24T19:36:28+00:00 INFO Queuing 3.1.2 - wc_update_312_db_version
2017-08-24T19:36:29+00:00 INFO Running wc_update_312_shop_manager_capabilities callback
2017-08-24T19:36:29+00:00 INFO Finished wc_update_312_shop_manager_capabilities callback
2017-08-24T19:36:29+00:00 INFO Running wc_update_312_db_version callback
2017-08-24T19:36:29+00:00 INFO Finished wc_update_312_db_version callback
2017-08-24T19:36:29+00:00 INFO Data update complete
2018-01-03T00:57:44+00:00 INFO Queuing 3.2.0 - wc_update_320_mexican_states
2018-01-03T00:57:44+00:00 INFO Queuing 3.2.0 - wc_update_320_db_version
2018-01-03T00:57:45+00:00 INFO Running wc_update_320_mexican_states callback
2018-01-03T00:57:45+00:00 INFO Finished wc_update_320_mexican_states callback
2018-01-03T00:57:45+00:00 INFO Running wc_update_320_db_version callback
2018-01-03T00:57:45+00:00 INFO Finished wc_update_320_db_version callback
2018-01-03T00:57:45+00:00 INFO Data update complete
